<?xml version="1.0" encoding="UTF-8"?>
<!-- Generated by org.testng.reporters.JUnitReportReporter -->
<testsuite hostname="sai-PC" name="com.tests.LoginTest" tests="1" failures="0" timestamp="18 Mar 2021 14:12:32 GMT" time="27.168" errors="0">
  <testcase name="freecrmtitle" time="27.168" classname="com.tests.LoginTest"/>
</testsuite> <!-- com.tests.LoginTest -->
